2025/12/20 10:58:46PM::root_[  INFO  ] - This is the log console. Most events that take place will be shown here
2025/12/20 10:58:46PM::root_[ DEBUG  ] - Multiprocessing freeze_support enabled
2025/12/20 10:58:46PM::root_[ DEBUG  ] - Window instantiated
2025/12/20 10:59:29PM::src.logic.manage_image_tab_[  INFO  ] - Image Conversion
2025/12/20 10:59:29PM::src.logic.manage_image_tab_[ DEBUG  ] - Video Details:
2025/12/20 10:59:29PM::src.logic.manage_image_tab_[ DEBUG  ] - FilePath: C:/Users/mathe/Desktop/cropped-Goku.jpg
2025/12/20 10:59:29PM::src.logic.manage_image_tab_[ DEBUG  ] - Output Path: C:/Users/mathe/Desktop/gok.png
2025/12/20 10:59:29PM::src.logic.manage_image_tab_[ DEBUG  ] - Manupilations: Image To Any Block Image
2025/12/20 10:59:29PM::src.logic.manage_image_tab_[ DEBUG  ] - Crop: ['0', '0', 'Max', 'Max']
2025/12/20 10:59:29PM::src.logic.manage_image_tab_[ DEBUG  ] - Scale: 4x
2025/12/20 10:59:29PM::src.logic.manage_image_tab_[ DEBUG  ] - Details: {'blocklist': [], 'mode': 'None', 'dither': False, 'alternate': False, 'color_set': ['Linear Average'], 'color_compare': ['Absolute Difference'], 'final_width': 2560, 'final_height': 1440, 'side': 'top', 'brightness': 127.0, 'place_redstone_blocks': False}
2025/12/20 10:59:35PM::src.logic.manage_image_tab_[  INFO  ] - Done Image!
2025/12/20 11:00:52PM::src.logic.manage_image_tab_[  INFO  ] - Image Conversion
2025/12/20 11:00:52PM::src.logic.manage_image_tab_[ DEBUG  ] - Video Details:
2025/12/20 11:00:52PM::src.logic.manage_image_tab_[ DEBUG  ] - FilePath: C:/Users/mathe/Desktop/cropped-Goku.jpg
2025/12/20 11:00:52PM::src.logic.manage_image_tab_[ DEBUG  ] - Output Path: C:/Users/mathe/Desktop/gok.png
2025/12/20 11:00:52PM::src.logic.manage_image_tab_[ DEBUG  ] - Manupilations: Image To Any Block Image
2025/12/20 11:00:52PM::src.logic.manage_image_tab_[ DEBUG  ] - Crop: ['0', '0', 'Max', 'Max']
2025/12/20 11:00:52PM::src.logic.manage_image_tab_[ DEBUG  ] - Scale: 2x
2025/12/20 11:00:52PM::src.logic.manage_image_tab_[ DEBUG  ] - Details: {'blocklist': [], 'mode': 'None', 'dither': False, 'alternate': False, 'color_set': ['Linear Average'], 'color_compare': ['Absolute Difference'], 'final_width': 2560, 'final_height': 1440, 'side': 'top', 'brightness': 127.0, 'place_redstone_blocks': False}
2025/12/20 11:00:55PM::src.logic.manage_image_tab_[  INFO  ] - Done Image!
2025/12/20 11:01:28PM::src.logic.manage_image_tab_[  INFO  ] - Image Conversion
2025/12/20 11:01:28PM::src.logic.manage_image_tab_[ DEBUG  ] - Video Details:
2025/12/20 11:01:28PM::src.logic.manage_image_tab_[ DEBUG  ] - FilePath: C:/Users/mathe/Desktop/cropped-Goku.jpg
2025/12/20 11:01:28PM::src.logic.manage_image_tab_[ DEBUG  ] - Output Path: C:/Users/mathe/Desktop/gok.png
2025/12/20 11:01:28PM::src.logic.manage_image_tab_[ DEBUG  ] - Manupilations: Image To Any Block Image
2025/12/20 11:01:28PM::src.logic.manage_image_tab_[ DEBUG  ] - Crop: ['0', '0', 'Max', 'Max']
2025/12/20 11:01:28PM::src.logic.manage_image_tab_[ DEBUG  ] - Scale: 1x
2025/12/20 11:01:28PM::src.logic.manage_image_tab_[ DEBUG  ] - Details: {'blocklist': [], 'mode': 'None', 'dither': False, 'alternate': False, 'color_set': ['Linear Average'], 'color_compare': ['Absolute Difference'], 'final_width': 2560, 'final_height': 1440, 'side': 'top', 'brightness': 127.0, 'place_redstone_blocks': False}
2025/12/20 11:01:30PM::src.logic.manage_image_tab_[  INFO  ] - Done Image!
2025/12/20 11:03:04PM::root_[WARNING ] - The Program has been closed!
